<?xml version="1.0" encoding="UTF-8"?>
<testng-results ignored="0" total="1" passed="1" failed="0" skipped="0">
  <reporter-output>
    <line>
      <![CDATA[welcome to Maven]]>
    </line>
  </reporter-output>
  <suite started-at="2023-09-28T14:53:20 IST" name="Suite" finished-at="2023-09-28T14:53:20 IST" duration-ms="135">
    <groups>
    </groups>
    <test started-at="2023-09-28T14:53:20 IST" name="Test" finished-at="2023-09-28T14:53:20 IST" duration-ms="135">
      <class name="com.actitime.testscript.CustomerModule">
        <test-method signature="CreateCustomer()[pri:0, instance:com.actitime.testscript.CustomerModule@65c7a252]" started-at="2023-09-28T14:53:20 IST" name="CreateCustomer" finished-at="2023-09-28T14:53:20 IST" duration-ms="22" status="PASS">
          <reporter-output>
            <line>
              <![CDATA[welcome to Maven]]>
            </line>
          </reporter-output>
        </test-method> <!-- CreateCustomer -->
      </class> <!-- com.actitime.testscript.CustomerModule -->
    </test> <!-- Test -->
  </suite> <!-- Suite -->
</testng-results>
